<?xml version="1.0" encoding="UTF-8"?>
<!-- Generated by org.testng.reporters.JUnitXMLReporter -->
<testsuite ignored="0" hostname="DESKTOP-M147S54" failures="0" tests="2" name="Default test" time="9.577" errors="0" timestamp="2022-01-21T13:44:02 EET">
  <testcase classname="automationExercise.tests.AutomationExerciseSignUp" name="navigateToSignUpPage" time="5.44"/>
  <testcase classname="automationExercise.tests.AutomationExerciseSignUp" name="SignUpNow" time="1.078"/>
</testsuite> <!-- Default test -->
